***********************************************************************
*
*	CODE GENERATION LISTING FOR: opta-ignition-visualcomponents
*	COMPILER VERSION: 5.22.0.39
*
***********************************************************************

**************************************************
	CODE GENERATOR SUBROUTINES
**************************************************

$$MOD:
300000B0  FB90 F3F1		sdiv r3, r0, r1
300000B4  4359     		mul r1, r1, r3
300000B6  EBC1 0000		rsb r0, r1, r0
300000BA  4770     		bx lr

$$MOD_U:
300000BC  FBB0 F3F1		udiv r3, r0, r1
300000C0  4359     		mul r1, r1, r3
300000C2  EBC1 0000		rsb r0, r1, r0
300000C6  4770     		bx lr

**************************************************
	List program: main
**************************************************

PROGRAM main

END_PROGRAM

300000D0  B082     		sub sp, sp, #8
300000D2  F8CD E000		str lr, [sp]
300000D6  E92D 0FF0		stmdb sp!, { r4, r5, r6, r7, r8, r9, r10, r11 }

#0		{SRC:main}
#1		(*$WAITSWITCH$*)
#2		
#3			(* cnt := cnt + 1; *)
#4			LD		cnt	{LNXT:2|2|-1}
(*) UNDEF
300000DA  F8DF 701C		ldr r7, [pc, #+28] ; 0x200002A6
300000DE  F9B7 0000		ldrsh r0, [r7]

#5			ADD		1	{LNXT:2|2|-1}
(-) INT
300000E2  1C40     		add r0, r0, #1

#6			ST		cnt	{LNXT:2|2|-1}
(*) INT
300000E4  F8DF 7010		ldr r7, [pc, #+16] ; 0x200002A6
300000E8  8038     		strh r0, [r7]

300000EA  E8BD 0FF0		ldmia sp!, { r4, r5, r6, r7, r8, r9, r10, r11 }
300000EE  F8DD E000		ldr lr, [sp]
300000F2  B002     		add sp, sp, #8

300000F4  4770     		bx lr

300000F8  200002A6		; 0x200002A6

END_PROGRAM


**************************************************
	Target variable image generation
**************************************************


*** INPUT:
300000FC  4770     		bx lr


*** OUTPUT:
300000FE  4770     		bx lr



**************************************************
	Task Fast init code
**************************************************

30000100  B082     		sub sp, sp, #8
30000102  F8CD E000		str lr, [sp]
30000106  E92D 0FF0		stmdb sp!, { r4, r5, r6, r7, r8, r9, r10, r11 }

3000010A  E8BD 0FF0		ldmia sp!, { r4, r5, r6, r7, r8, r9, r10, r11 }
3000010E  F8DD E000		ldr lr, [sp]
30000112  B002     		add sp, sp, #8

30000114  4770     		bx lr

**************************************************
	List program: InitParDB
**************************************************

PROGRAM InitParDB

        VAR
warningsKiller : USINT;
dummyCrc32 : UDINT;
	END_VAR

END_PROGRAM

30000120  B082     		sub sp, sp, #8
30000122  F8CD E000		str lr, [sp]
30000126  E92D 0FF0		stmdb sp!, { r4, r5, r6, r7, r8, r9, r10, r11 }

#0		{SRC:InitParDB}
#1		(*$WAITSWITCH$*)
#2		
#3			(* dummyCrc32 := 0; *)
#4			MOVE		0,dummyCrc32	{LNXT:3|5|-1}
(*) UDINT
3000012A  2000     		mov r0, #0 ; 0
3000012C  F8DF 7058		ldr r7, [pc, #+88] ; 0x200002A8
30000130  6038     		str r0, [r7]

#5		
#6			(* warningsKiller := sysDBase_SetExtTable( TO_DWORD( 0 ), 0, 0, 0, 0, 0, 0, 0, 0, 0, 0 ); *)
#7			LDP0		0	{LNXT:5|3|-1}
(-) UDINT
#8			TO_DWORD	{LNXT:5|3|-1}
(-) USINT
30000132  2000     		mov r0, #0 ; 0

#9			sysDBase_SetExtTable		0, 0, 0, 0, 0, 0, 0, 0, 0, 0	{LNXT:5|3|-1}
(*) DWORD
30000134  B088     		sub sp, sp, #32
30000136  2700     		mov r7, #0 ; 0
30000138  4639     		mov r1, r7
3000013A  2700     		mov r7, #0 ; 0
3000013C  463A     		mov r2, r7
3000013E  2700     		mov r7, #0 ; 0
30000140  463B     		mov r3, r7
30000142  2700     		mov r7, #0 ; 0
30000144  F8CD 7000		str r7, [sp]
30000148  2700     		mov r7, #0 ; 0
3000014A  F8CD 7004		str r7, [sp, #+4]
3000014E  2700     		mov r7, #0 ; 0
30000150  F8CD 7008		str r7, [sp, #+8]
30000154  2700     		mov r7, #0 ; 0
30000156  F8CD 700C		str r7, [sp, #+12]
3000015A  2700     		mov r7, #0 ; 0
3000015C  F8CD 7010		str r7, [sp, #+16]
30000160  2700     		mov r7, #0 ; 0
30000162  F8CD 7014		str r7, [sp, #+20]
30000166  2700     		mov r7, #0 ; 0
30000168  F8CD 7018		str r7, [sp, #+24]
3000016C  F8DF 4010		ldr r4, [pc, #+16] ; 0x807CF15
30000170  F044 0401		orr r4, r4, #1
30000174  47A0     		blx r4
30000176  B008     		add sp, sp, #32

#10			ST		warningsKiller	{LNXT:5|3|-1}
(*) USINT
30000178  F8DF 7008		ldr r7, [pc, #+8] ; 0x200002A5
3000017C  7038     		strb r0, [r7]

3000017E  E005     		b #10

30000180  FFFFFFFF		; 0x0807CF15
30000184  200002A5		; 0x200002A5
30000188  200002A8		; 0x200002A8

END_PROGRAM
**************************************************
	List program: $$IOConfig
**************************************************

PROGRAM $$IOConfig

        VAR
warningsKiller : BOOL;
	END_VAR

END_PROGRAM

#0		{SRC:$$IOConfig}
#1		(*$WAITSWITCH$*)
#2		
#3			(* warningsKiller := sysCfgAnalogRes(16); *)
#4			LDP0		16	{LNXT:4|7|-1}
(-) UDINT
#5			sysCfgAnalogRes	{LNXT:4|7|-1}
(*) USINT
3000018C  2010     		mov r0, #16 ; 16
3000018E  F8DF 40BC		ldr r4, [pc, #+188] ; 0x8083BA9
30000192  F044 0401		orr r4, r4, #1
30000196  47A0     		blx r4

#6			ST		warningsKiller	{LNXT:4|7|-1}
(*) BOOL
30000198  F8DF 70B8		ldr r7, [pc, #+184] ; 0x200002A4
3000019C  7038     		strb r0, [r7]

#7		
#8			(* warningsKiller := sysCfgProgInput(0, 0); *)
#9			LDP0		0	{LNXT:7|8|-1}
(-) BOOL
#10			sysCfgProgInput		0	{LNXT:7|8|-1}
(*) USINT
3000019E  2000     		mov r0, #0 ; 0
300001A0  2100     		mov r1, #0 ; 0
300001A2  F8DF 40AC		ldr r4, [pc, #+172] ; 0x8083BB5
300001A6  F044 0401		orr r4, r4, #1
300001AA  47A0     		blx r4

#11			ST		warningsKiller	{LNXT:7|8|-1}
(*) BOOL
300001AC  F8DF 70A4		ldr r7, [pc, #+164] ; 0x200002A4
300001B0  7038     		strb r0, [r7]

#12		
#13			(* warningsKiller := sysCfgProgInput(1, 0); *)
#14			LDP0		1	{LNXT:8|9|-1}
(-) BOOL
#15			sysCfgProgInput		0	{LNXT:8|9|-1}
(*) USINT
300001B2  2001     		mov r0, #1 ; 1
300001B4  2100     		mov r1, #0 ; 0
300001B6  F8DF 4098		ldr r4, [pc, #+152] ; 0x8083BB5
300001BA  F044 0401		orr r4, r4, #1
300001BE  47A0     		blx r4

#16			ST		warningsKiller	{LNXT:8|9|-1}
(*) BOOL
300001C0  F8DF 7090		ldr r7, [pc, #+144] ; 0x200002A4
300001C4  7038     		strb r0, [r7]

#17		
#18			(* warningsKiller := sysCfgProgInput(2, 0); *)
#19			LDP0		2	{LNXT:9|10|-1}
(-) BOOL
#20			sysCfgProgInput		0	{LNXT:9|10|-1}
(*) USINT
300001C6  2002     		mov r0, #2 ; 2
300001C8  2100     		mov r1, #0 ; 0
300001CA  F8DF 4084		ldr r4, [pc, #+132] ; 0x8083BB5
300001CE  F044 0401		orr r4, r4, #1
300001D2  47A0     		blx r4

#21			ST		warningsKiller	{LNXT:9|10|-1}
(*) BOOL
300001D4  F8DF 707C		ldr r7, [pc, #+124] ; 0x200002A4
300001D8  7038     		strb r0, [r7]

#22		
#23			(* warningsKiller := sysCfgProgInput(3, 0); *)
#24			LDP0		3	{LNXT:10|11|-1}
(-) BOOL
#25			sysCfgProgInput		0	{LNXT:10|11|-1}
(*) USINT
300001DA  2003     		mov r0, #3 ; 3
300001DC  2100     		mov r1, #0 ; 0
300001DE  F8DF 4070		ldr r4, [pc, #+112] ; 0x8083BB5
300001E2  F044 0401		orr r4, r4, #1
300001E6  47A0     		blx r4

#26			ST		warningsKiller	{LNXT:10|11|-1}
(*) BOOL
300001E8  F8DF 7068		ldr r7, [pc, #+104] ; 0x200002A4
300001EC  7038     		strb r0, [r7]

#27		
#28			(* warningsKiller := sysCfgProgInput(4, 0); *)
#29			LDP0		4	{LNXT:11|12|-1}
(-) BOOL
#30			sysCfgProgInput		0	{LNXT:11|12|-1}
(*) USINT
300001EE  2004     		mov r0, #4 ; 4
300001F0  2100     		mov r1, #0 ; 0
300001F2  F8DF 405C		ldr r4, [pc, #+92] ; 0x8083BB5
300001F6  F044 0401		orr r4, r4, #1
300001FA  47A0     		blx r4

#31			ST		warningsKiller	{LNXT:11|12|-1}
(*) BOOL
300001FC  F8DF 7054		ldr r7, [pc, #+84] ; 0x200002A4
30000200  7038     		strb r0, [r7]

#32		
#33			(* warningsKiller := sysCfgProgInput(5, 0); *)
#34			LDP0		5	{LNXT:12|13|-1}
(-) BOOL
#35			sysCfgProgInput		0	{LNXT:12|13|-1}
(*) USINT
30000202  2005     		mov r0, #5 ; 5
30000204  2100     		mov r1, #0 ; 0
30000206  F8DF 4048		ldr r4, [pc, #+72] ; 0x8083BB5
3000020A  F044 0401		orr r4, r4, #1
3000020E  47A0     		blx r4

#36			ST		warningsKiller	{LNXT:12|13|-1}
(*) BOOL
30000210  F8DF 7040		ldr r7, [pc, #+64] ; 0x200002A4
30000214  7038     		strb r0, [r7]

#37		
#38			(* warningsKiller := sysCfgProgInput(6, 0); *)
#39			LDP0		6	{LNXT:13|14|-1}
(-) BOOL
#40			sysCfgProgInput		0	{LNXT:13|14|-1}
(*) USINT
30000216  2006     		mov r0, #6 ; 6
30000218  2100     		mov r1, #0 ; 0
3000021A  F8DF 4034		ldr r4, [pc, #+52] ; 0x8083BB5
3000021E  F044 0401		orr r4, r4, #1
30000222  47A0     		blx r4

#41			ST		warningsKiller	{LNXT:13|14|-1}
(*) BOOL
30000224  F8DF 702C		ldr r7, [pc, #+44] ; 0x200002A4
30000228  7038     		strb r0, [r7]

#42		
#43			(* warningsKiller := sysCfgProgInput(7, 0); *)
#44			LDP0		7	{LNXT:14|4|-1}
(-) BOOL
#45			sysCfgProgInput		0	{LNXT:14|4|-1}
(*) USINT
3000022A  2007     		mov r0, #7 ; 7
3000022C  2100     		mov r1, #0 ; 0
3000022E  F8DF 4020		ldr r4, [pc, #+32] ; 0x8083BB5
30000232  F044 0401		orr r4, r4, #1
30000236  47A0     		blx r4

#46			ST		warningsKiller	{LNXT:14|4|-1}
(*) BOOL
30000238  F8DF 7018		ldr r7, [pc, #+24] ; 0x200002A4
3000023C  7038     		strb r0, [r7]

3000023E  E8BD 0FF0		ldmia sp!, { r4, r5, r6, r7, r8, r9, r10, r11 }
30000242  F8DD E000		ldr lr, [sp]
30000246  B002     		add sp, sp, #8

30000248  4770     		bx lr

3000024C  FFFFFFFF		; 0x08083BA9
30000250  FFFFFFFF		; 0x08083BB5
30000254  200002A4		; 0x200002A4

END_PROGRAM


**************************************************
	Target variable image generation
**************************************************


*** INPUT:
30000258  4770     		bx lr


*** OUTPUT:
3000025A  4770     		bx lr



**************************************************
	Task Init init code
**************************************************

3000025C  B082     		sub sp, sp, #8
3000025E  F8CD E000		str lr, [sp]
30000262  E92D 0FF0		stmdb sp!, { r4, r5, r6, r7, r8, r9, r10, r11 }

30000266  E8BD 0FF0		ldmia sp!, { r4, r5, r6, r7, r8, r9, r10, r11 }
3000026A  F8DD E000		ldr lr, [sp]
3000026E  B002     		add sp, sp, #8

30000270  4770     		bx lr



**************************************************
	Global init code
**************************************************

30000280  B082     		sub sp, sp, #8
30000282  F8CD E000		str lr, [sp]
30000286  E92D 0FF0		stmdb sp!, { r4, r5, r6, r7, r8, r9, r10, r11 }

3000028A  E8BD 0FF0		ldmia sp!, { r4, r5, r6, r7, r8, r9, r10, r11 }
3000028E  F8DD E000		ldr lr, [sp]
30000292  B002     		add sp, sp, #8

30000294  4770     		bx lr



**************************************************
	Global RETAIN init code
**************************************************

30000296  B082     		sub sp, sp, #8
30000298  F8CD E000		str lr, [sp]
3000029C  E92D 0FF0		stmdb sp!, { r4, r5, r6, r7, r8, r9, r10, r11 }

300002A0  E8BD 0FF0		ldmia sp!, { r4, r5, r6, r7, r8, r9, r10, r11 }
300002A4  F8DD E000		ldr lr, [sp]
300002A8  B002     		add sp, sp, #8

300002AA  4770     		bx lr



**************************************************
	Task $$VirtualTables init code
**************************************************

300002AC  B082     		sub sp, sp, #8
300002AE  F8CD E000		str lr, [sp]
300002B2  E92D 0FF0		stmdb sp!, { r4, r5, r6, r7, r8, r9, r10, r11 }

300002B6  E8BD 0FF0		ldmia sp!, { r4, r5, r6, r7, r8, r9, r10, r11 }
300002BA  F8DD E000		ldr lr, [sp]
300002BE  B002     		add sp, sp, #8

300002C0  4770     		bx lr



********************************************
MEMORY MAP
********************************************

Code area type:          		       main code
Start code area:          		0000000030000000h
End code area:            		0000000030000364h
Code size:                		00000364h

Start local data area:    		0000000020000298h
End local data area:      		00000000200002ACh
Local data size:          		00000014h

Start retentive data area:		0000000038000800h
End retentive data area:  		0000000038000800h
Retentive data size:      		00000000h

Start bit data area:      		0000000000000000h
End bit data area:        		0000000000000000h
Bit data size:            		00000000h



********************************************
CODE ID:                                CF084CF6
DEBUG MEMO ID:                          300002EE
FULL MEMO ID:                           0000C7D6
********************************************
