***********************************************************************
*
*	DYNAMIC LINK AND INDIRECT ALLOCATION LISTING FOR: api2opta
*
***********************************************************************


***************************************************
	 FIRST CODE AREA
***************************************************

***************************************************
	 DATABLOCK PATCHES
***************************************************
*
* List of data blocks that will be checked run-time for consistency with
* their definition available at compile-time
*
*
*	REQUIREMENTS for DATA BLOCK %M200
*		Process image: 0
*		Number of elements: 512
*		Data size (bytes): 2
0000	00 00 C8 00 00 02 00 00 02 00 00 00 

*
*	REQUIREMENTS for DATA BLOCK %Q1
*		Process image: 0
*		Number of elements: 7
*		Data size (bytes): 1
000C	00 02 01 00 07 00 00 00 01 00 00 00 

*
*	REQUIREMENTS for DATA BLOCK %Q0
*		Process image: 0
*		Number of elements: 4
*		Data size (bytes): 1
0018	00 02 00 00 04 00 00 00 01 00 00 00 

*
*	REQUIREMENTS for DATA BLOCK %M60000
*		Process image: 0
*		Number of elements: 1
*		Data size (bytes): 4
0024	00 00 60 EA 01 00 00 00 04 00 00 00 

*
* List of all references to data allocated on data blocks
* along with the whole information required by the run-time linker
*
*
*	1 REFERENCE(S) TO 8-BIT VAR AT BYTE #0 OF DATA BLOCK %Q1
0000	00 00 01 00 00 00 00 00 02 01 01 00 

*		Instruction type: 0x00
*		Code offset: 0x000006F0
000C	F0 06 00 00 

*
*	1 REFERENCE(S) TO 8-BIT VAR AT BYTE #2 OF DATA BLOCK %M200
0010	00 00 C8 00 02 00 00 00 00 01 01 00 

*		Instruction type: 0x00
*		Code offset: 0x000005D0
001C	D0 05 00 00 

*
*	1 REFERENCE(S) TO 8-BIT VAR AT BYTE #1 OF DATA BLOCK %Q0
0020	00 00 00 00 01 00 00 00 02 01 01 00 

*		Instruction type: 0x00
*		Code offset: 0x000005D8
002C	D8 05 00 00 

*
*	1 REFERENCE(S) TO 8-BIT VAR AT BYTE #5 OF DATA BLOCK %Q1
0030	00 00 01 00 05 00 00 00 02 01 01 00 

*		Instruction type: 0x00
*		Code offset: 0x00000300
003C	00 03 00 00 

*
*	2 REFERENCE(S) TO 32-BIT VAR AT BYTE #0 OF DATA BLOCK %M60000
0040	00 00 60 EA 00 00 00 00 00 04 02 00 

*		Instruction type: 0x00
*		Code offset: 0x00000258
004C	58 02 00 00 

*		Instruction type: 0x00
*		Code offset: 0x000002C4
0050	C4 02 00 00 

*
*	1 REFERENCE(S) TO 8-BIT VAR AT BYTE #8 OF DATA BLOCK %M200
0054	00 00 C8 00 08 00 00 00 00 01 01 00 

*		Instruction type: 0x00
*		Code offset: 0x000002FC
0060	FC 02 00 00 

*
*	1 REFERENCE(S) TO 8-BIT VAR AT BYTE #1 OF DATA BLOCK %Q1
0064	00 00 01 00 01 00 00 00 02 01 01 00 

*		Instruction type: 0x00
*		Code offset: 0x000005D4
0070	D4 05 00 00 

*
*	1 REFERENCE(S) TO 16-BIT VAR AT BYTE #0 OF DATA BLOCK %M200
0074	00 00 C8 00 00 00 00 00 00 02 01 00 

*		Instruction type: 0x00
*		Code offset: 0x000003B8
0080	B8 03 00 00 

*
*	1 REFERENCE(S) TO 8-BIT VAR AT BYTE #0 OF DATA BLOCK %Q0
0084	00 00 00 00 00 00 00 00 02 01 01 00 

*		Instruction type: 0x00
*		Code offset: 0x000006F4
0090	F4 06 00 00 

*
*	1 REFERENCE(S) TO 8-BIT VAR AT BYTE #0 OF DATA BLOCK %M200
0094	00 00 C8 00 00 00 00 00 00 01 01 00 

*		Instruction type: 0x00
*		Code offset: 0x000006EC
00A0	EC 06 00 00 


***************************************************
	 FUNCTION PATCHES
***************************************************

NAME: sysCfgAnalogRes  - NUM: 1
	 Patch - TYPE: 0x0 - CODE OFFSET: 0x00000484

NAME: sysCfgProgInput  - NUM: 1
	 Patch - TYPE: 0x0 - CODE OFFSET: 0x00000488

NAME: sysDBase_SetExtTable  - NUM: 1
	 Patch - TYPE: 0x0 - CODE OFFSET: 0x000003A8
