***********************************************************************
*
*	CODE GENERATION LISTING FOR: opta2visualcomponents
*	COMPILER VERSION: 5.22.0.39
*
***********************************************************************

**************************************************
	CODE GENERATOR SUBROUTINES
**************************************************

$$MOD:
3001E4B0  FB90 F3F1		sdiv r3, r0, r1
3001E4B4  4359     		mul r1, r1, r3
3001E4B6  EBC1 0000		rsb r0, r1, r0
3001E4BA  4770     		bx lr

$$MOD_U:
3001E4BC  FBB0 F3F1		udiv r3, r0, r1
3001E4C0  4359     		mul r1, r1, r3
3001E4C2  EBC1 0000		rsb r0, r1, r0
3001E4C6  4770     		bx lr

**************************************************
	List program: main
**************************************************

PROGRAM main

END_PROGRAM

3001E4D0  B082     		sub sp, sp, #8
3001E4D2  F8CD E000		str lr, [sp]
3001E4D6  E92D 0FF0		stmdb sp!, { r4, r5, r6, r7, r8, r9, r10, r11 }

#0		{SRC:main}
#1		(*$WAITSWITCH$*)
#2		
#3			(* cnt := cnt + 1; *)
#4			LD		cnt	{LNXT:2|2|-1}
(*) UNDEF
3001E4DA  F8DF 701C		ldr r7, [pc, #+28] ; 0x24002BC6
3001E4DE  F9B7 0000		ldrsh r0, [r7]

#5			ADD		1	{LNXT:2|2|-1}
(-) INT
3001E4E2  1C40     		add r0, r0, #1

#6			ST		cnt	{LNXT:2|2|-1}
(*) INT
3001E4E4  F8DF 7010		ldr r7, [pc, #+16] ; 0x24002BC6
3001E4E8  8038     		strh r0, [r7]

3001E4EA  E8BD 0FF0		ldmia sp!, { r4, r5, r6, r7, r8, r9, r10, r11 }
3001E4EE  F8DD E000		ldr lr, [sp]
3001E4F2  B002     		add sp, sp, #8

3001E4F4  4770     		bx lr

3001E4F8  24002BC6		; 0x24002BC6

END_PROGRAM


**************************************************
	Target variable image generation
**************************************************


*** INPUT:
3001E4FC  4770     		bx lr


*** OUTPUT:
3001E4FE  4770     		bx lr



**************************************************
	Task Fast init code
**************************************************

3001E500  B082     		sub sp, sp, #8
3001E502  F8CD E000		str lr, [sp]
3001E506  E92D 0FF0		stmdb sp!, { r4, r5, r6, r7, r8, r9, r10, r11 }

3001E50A  E8BD 0FF0		ldmia sp!, { r4, r5, r6, r7, r8, r9, r10, r11 }
3001E50E  F8DD E000		ldr lr, [sp]
3001E512  B002     		add sp, sp, #8

3001E514  4770     		bx lr

**************************************************
	List program: InitParDB
**************************************************

PROGRAM InitParDB

        VAR
warningsKiller : USINT;
dummyCrc32 : UDINT;
	END_VAR

END_PROGRAM

3001E520  B082     		sub sp, sp, #8
3001E522  F8CD E000		str lr, [sp]
3001E526  E92D 0FF0		stmdb sp!, { r4, r5, r6, r7, r8, r9, r10, r11 }

#0		{SRC:InitParDB}
#1		(*$WAITSWITCH$*)
#2		
#3			(* dummyCrc32 := 0; *)
#4			MOVE		0,dummyCrc32	{LNXT:3|5|-1}
(*) UDINT
3001E52A  2000     		mov r0, #0 ; 0
3001E52C  F8DF 7058		ldr r7, [pc, #+88] ; 0x24002BC8
3001E530  6038     		str r0, [r7]

#5		
#6			(* warningsKiller := sysDBase_SetExtTable( TO_DWORD( 0 ), 0, 0, 0, 0, 0, 0, 0, 0, 0, 0 ); *)
#7			LDP0		0	{LNXT:5|3|-1}
(-) UDINT
#8			TO_DWORD	{LNXT:5|3|-1}
(-) USINT
3001E532  2000     		mov r0, #0 ; 0

#9			sysDBase_SetExtTable		0, 0, 0, 0, 0, 0, 0, 0, 0, 0	{LNXT:5|3|-1}
(*) DWORD
3001E534  B088     		sub sp, sp, #32
3001E536  2700     		mov r7, #0 ; 0
3001E538  4639     		mov r1, r7
3001E53A  2700     		mov r7, #0 ; 0
3001E53C  463A     		mov r2, r7
3001E53E  2700     		mov r7, #0 ; 0
3001E540  463B     		mov r3, r7
3001E542  2700     		mov r7, #0 ; 0
3001E544  F8CD 7000		str r7, [sp]
3001E548  2700     		mov r7, #0 ; 0
3001E54A  F8CD 7004		str r7, [sp, #+4]
3001E54E  2700     		mov r7, #0 ; 0
3001E550  F8CD 7008		str r7, [sp, #+8]
3001E554  2700     		mov r7, #0 ; 0
3001E556  F8CD 700C		str r7, [sp, #+12]
3001E55A  2700     		mov r7, #0 ; 0
3001E55C  F8CD 7010		str r7, [sp, #+16]
3001E560  2700     		mov r7, #0 ; 0
3001E562  F8CD 7014		str r7, [sp, #+20]
3001E566  2700     		mov r7, #0 ; 0
3001E568  F8CD 7018		str r7, [sp, #+24]
3001E56C  F8DF 4010		ldr r4, [pc, #+16] ; 0x806BE11
3001E570  F044 0401		orr r4, r4, #1
3001E574  47A0     		blx r4
3001E576  B008     		add sp, sp, #32

#10			ST		warningsKiller	{LNXT:5|3|-1}
(*) USINT
3001E578  F8DF 7008		ldr r7, [pc, #+8] ; 0x24002BC5
3001E57C  7038     		strb r0, [r7]

3001E57E  E005     		b #10

3001E580  FFFFFFFF		; 0x0806BE11
3001E584  24002BC5		; 0x24002BC5
3001E588  24002BC8		; 0x24002BC8

END_PROGRAM
**************************************************
	List program: $$IOConfig
**************************************************

PROGRAM $$IOConfig

        VAR
warningsKiller : BOOL;
	END_VAR

END_PROGRAM

#0		{SRC:$$IOConfig}
#1		(*$WAITSWITCH$*)
#2		
#3			(* warningsKiller := sysCfgAnalogRes(16); *)
#4			LDP0		16	{LNXT:4|7|-1}
(-) UDINT
#5			sysCfgAnalogRes	{LNXT:4|7|-1}
(*) USINT
3001E58C  2010     		mov r0, #16 ; 16
3001E58E  F8DF 40BC		ldr r4, [pc, #+188] ; 0x8072B21
3001E592  F044 0401		orr r4, r4, #1
3001E596  47A0     		blx r4

#6			ST		warningsKiller	{LNXT:4|7|-1}
(*) BOOL
3001E598  F8DF 70B8		ldr r7, [pc, #+184] ; 0x24002BC4
3001E59C  7038     		strb r0, [r7]

#7		
#8			(* warningsKiller := sysCfgProgInput(0, 0); *)
#9			LDP0		0	{LNXT:7|8|-1}
(-) BOOL
#10			sysCfgProgInput		0	{LNXT:7|8|-1}
(*) USINT
3001E59E  2000     		mov r0, #0 ; 0
3001E5A0  2100     		mov r1, #0 ; 0
3001E5A2  F8DF 40AC		ldr r4, [pc, #+172] ; 0x8072B2D
3001E5A6  F044 0401		orr r4, r4, #1
3001E5AA  47A0     		blx r4

#11			ST		warningsKiller	{LNXT:7|8|-1}
(*) BOOL
3001E5AC  F8DF 70A4		ldr r7, [pc, #+164] ; 0x24002BC4
3001E5B0  7038     		strb r0, [r7]

#12		
#13			(* warningsKiller := sysCfgProgInput(1, 0); *)
#14			LDP0		1	{LNXT:8|9|-1}
(-) BOOL
#15			sysCfgProgInput		0	{LNXT:8|9|-1}
(*) USINT
3001E5B2  2001     		mov r0, #1 ; 1
3001E5B4  2100     		mov r1, #0 ; 0
3001E5B6  F8DF 4098		ldr r4, [pc, #+152] ; 0x8072B2D
3001E5BA  F044 0401		orr r4, r4, #1
3001E5BE  47A0     		blx r4

#16			ST		warningsKiller	{LNXT:8|9|-1}
(*) BOOL
3001E5C0  F8DF 7090		ldr r7, [pc, #+144] ; 0x24002BC4
3001E5C4  7038     		strb r0, [r7]

#17		
#18			(* warningsKiller := sysCfgProgInput(2, 0); *)
#19			LDP0		2	{LNXT:9|10|-1}
(-) BOOL
#20			sysCfgProgInput		0	{LNXT:9|10|-1}
(*) USINT
3001E5C6  2002     		mov r0, #2 ; 2
3001E5C8  2100     		mov r1, #0 ; 0
3001E5CA  F8DF 4084		ldr r4, [pc, #+132] ; 0x8072B2D
3001E5CE  F044 0401		orr r4, r4, #1
3001E5D2  47A0     		blx r4

#21			ST		warningsKiller	{LNXT:9|10|-1}
(*) BOOL
3001E5D4  F8DF 707C		ldr r7, [pc, #+124] ; 0x24002BC4
3001E5D8  7038     		strb r0, [r7]

#22		
#23			(* warningsKiller := sysCfgProgInput(3, 0); *)
#24			LDP0		3	{LNXT:10|11|-1}
(-) BOOL
#25			sysCfgProgInput		0	{LNXT:10|11|-1}
(*) USINT
3001E5DA  2003     		mov r0, #3 ; 3
3001E5DC  2100     		mov r1, #0 ; 0
3001E5DE  F8DF 4070		ldr r4, [pc, #+112] ; 0x8072B2D
3001E5E2  F044 0401		orr r4, r4, #1
3001E5E6  47A0     		blx r4

#26			ST		warningsKiller	{LNXT:10|11|-1}
(*) BOOL
3001E5E8  F8DF 7068		ldr r7, [pc, #+104] ; 0x24002BC4
3001E5EC  7038     		strb r0, [r7]

#27		
#28			(* warningsKiller := sysCfgProgInput(4, 0); *)
#29			LDP0		4	{LNXT:11|12|-1}
(-) BOOL
#30			sysCfgProgInput		0	{LNXT:11|12|-1}
(*) USINT
3001E5EE  2004     		mov r0, #4 ; 4
3001E5F0  2100     		mov r1, #0 ; 0
3001E5F2  F8DF 405C		ldr r4, [pc, #+92] ; 0x8072B2D
3001E5F6  F044 0401		orr r4, r4, #1
3001E5FA  47A0     		blx r4

#31			ST		warningsKiller	{LNXT:11|12|-1}
(*) BOOL
3001E5FC  F8DF 7054		ldr r7, [pc, #+84] ; 0x24002BC4
3001E600  7038     		strb r0, [r7]

#32		
#33			(* warningsKiller := sysCfgProgInput(5, 0); *)
#34			LDP0		5	{LNXT:12|13|-1}
(-) BOOL
#35			sysCfgProgInput		0	{LNXT:12|13|-1}
(*) USINT
3001E602  2005     		mov r0, #5 ; 5
3001E604  2100     		mov r1, #0 ; 0
3001E606  F8DF 4048		ldr r4, [pc, #+72] ; 0x8072B2D
3001E60A  F044 0401		orr r4, r4, #1
3001E60E  47A0     		blx r4

#36			ST		warningsKiller	{LNXT:12|13|-1}
(*) BOOL
3001E610  F8DF 7040		ldr r7, [pc, #+64] ; 0x24002BC4
3001E614  7038     		strb r0, [r7]

#37		
#38			(* warningsKiller := sysCfgProgInput(6, 0); *)
#39			LDP0		6	{LNXT:13|14|-1}
(-) BOOL
#40			sysCfgProgInput		0	{LNXT:13|14|-1}
(*) USINT
3001E616  2006     		mov r0, #6 ; 6
3001E618  2100     		mov r1, #0 ; 0
3001E61A  F8DF 4034		ldr r4, [pc, #+52] ; 0x8072B2D
3001E61E  F044 0401		orr r4, r4, #1
3001E622  47A0     		blx r4

#41			ST		warningsKiller	{LNXT:13|14|-1}
(*) BOOL
3001E624  F8DF 702C		ldr r7, [pc, #+44] ; 0x24002BC4
3001E628  7038     		strb r0, [r7]

#42		
#43			(* warningsKiller := sysCfgProgInput(7, 0); *)
#44			LDP0		7	{LNXT:14|4|-1}
(-) BOOL
#45			sysCfgProgInput		0	{LNXT:14|4|-1}
(*) USINT
3001E62A  2007     		mov r0, #7 ; 7
3001E62C  2100     		mov r1, #0 ; 0
3001E62E  F8DF 4020		ldr r4, [pc, #+32] ; 0x8072B2D
3001E632  F044 0401		orr r4, r4, #1
3001E636  47A0     		blx r4

#46			ST		warningsKiller	{LNXT:14|4|-1}
(*) BOOL
3001E638  F8DF 7018		ldr r7, [pc, #+24] ; 0x24002BC4
3001E63C  7038     		strb r0, [r7]

3001E63E  E8BD 0FF0		ldmia sp!, { r4, r5, r6, r7, r8, r9, r10, r11 }
3001E642  F8DD E000		ldr lr, [sp]
3001E646  B002     		add sp, sp, #8

3001E648  4770     		bx lr

3001E64C  FFFFFFFF		; 0x08072B21
3001E650  FFFFFFFF		; 0x08072B2D
3001E654  24002BC4		; 0x24002BC4

END_PROGRAM


**************************************************
	Target variable image generation
**************************************************


*** INPUT:
3001E658  4770     		bx lr


*** OUTPUT:
3001E65A  4770     		bx lr



**************************************************
	Task Init init code
**************************************************

3001E65C  B082     		sub sp, sp, #8
3001E65E  F8CD E000		str lr, [sp]
3001E662  E92D 0FF0		stmdb sp!, { r4, r5, r6, r7, r8, r9, r10, r11 }

3001E666  E8BD 0FF0		ldmia sp!, { r4, r5, r6, r7, r8, r9, r10, r11 }
3001E66A  F8DD E000		ldr lr, [sp]
3001E66E  B002     		add sp, sp, #8

3001E670  4770     		bx lr



**************************************************
	Global init code
**************************************************

3001E680  B082     		sub sp, sp, #8
3001E682  F8CD E000		str lr, [sp]
3001E686  E92D 0FF0		stmdb sp!, { r4, r5, r6, r7, r8, r9, r10, r11 }

3001E68A  E8BD 0FF0		ldmia sp!, { r4, r5, r6, r7, r8, r9, r10, r11 }
3001E68E  F8DD E000		ldr lr, [sp]
3001E692  B002     		add sp, sp, #8

3001E694  4770     		bx lr



**************************************************
	Global RETAIN init code
**************************************************

3001E696  B082     		sub sp, sp, #8
3001E698  F8CD E000		str lr, [sp]
3001E69C  E92D 0FF0		stmdb sp!, { r4, r5, r6, r7, r8, r9, r10, r11 }

3001E6A0  E8BD 0FF0		ldmia sp!, { r4, r5, r6, r7, r8, r9, r10, r11 }
3001E6A4  F8DD E000		ldr lr, [sp]
3001E6A8  B002     		add sp, sp, #8

3001E6AA  4770     		bx lr



**************************************************
	Task $$VirtualTables init code
**************************************************

3001E6AC  B082     		sub sp, sp, #8
3001E6AE  F8CD E000		str lr, [sp]
3001E6B2  E92D 0FF0		stmdb sp!, { r4, r5, r6, r7, r8, r9, r10, r11 }

3001E6B6  E8BD 0FF0		ldmia sp!, { r4, r5, r6, r7, r8, r9, r10, r11 }
3001E6BA  F8DD E000		ldr lr, [sp]
3001E6BE  B002     		add sp, sp, #8

3001E6C0  4770     		bx lr



********************************************
MEMORY MAP
********************************************

Code area type:          		       main code
Start code area:          		000000003001E400h
End code area:            		000000003001E764h
Code size:                		00000364h

Start local data area:    		0000000024002BB8h
End local data area:      		0000000024002BCCh
Local data size:          		00000014h

Start retentive data area:		00000000240027B8h
End retentive data area:  		00000000240027B8h
Retentive data size:      		00000000h

Start bit data area:      		0000000000000000h
End bit data area:        		0000000000000000h
Bit data size:            		00000000h



********************************************
CODE ID:                                F3BA8DE4
DEBUG MEMO ID:                          3001BCB3
FULL MEMO ID:                           0000EEF7
********************************************
